<?xml version="1.0" encoding="utf-8"?><testsuites name="pytest tests"><testsuite name="pytest" errors="0" failures="0" skipped="0" tests="35" time="6.020" timestamp="2026-05-30T07:55:59.986915+00:00" hostname="agent-env-108b0af0-7b1e-4d14-87b1-5c7c706530b9"><testcase classname="backend.tests.test_admin_management.TestAdminUsers" name="test_list_users_returns_all" time="0.663" /><testcase classname="backend.tests.test_admin_management.TestAdminUsers" name="test_list_users_search_filter" time="0.059" /><testcase classname="backend.tests.test_admin_management.TestAdminUsers" name="test_list_users_role_filter_admin" time="0.058" /><testcase classname="backend.tests.test_admin_management.TestAdminUsers" name="test_list_users_role_filter_user" time="0.068" /><testcase classname="backend.tests.test_admin_management.TestAdminUsers" name="test_get_user_detail" time="0.063" /><testcase classname="backend.tests.test_admin_management.TestAdminUsers" name="test_get_user_detail_invalid_id" time="0.052" /><testcase classname="backend.tests.test_admin_management.TestAdminUsers" name="test_get_user_detail_nonexistent" time="0.072" /><testcase classname="backend.tests.test_admin_management.TestAdminUsers" name="test_update_user_status_inactive_then_active" time="0.230" /><testcase classname="backend.tests.test_admin_management.TestAdminUsers" name="test_update_user_role_invalid_value" time="0.051" /><testcase classname="backend.tests.test_admin_management.TestAdminUsers" name="test_update_user_no_fields" time="0.050" /><testcase classname="backend.tests.test_admin_management.TestAdminTags" name="test_list_tags" time="0.066" /><testcase classname="backend.tests.test_admin_management.TestAdminTags" name="test_create_tag" time="0.053" /><testcase classname="backend.tests.test_admin_management.TestAdminTags" name="test_create_duplicate_tag" time="0.227" /><testcase classname="backend.tests.test_admin_management.TestAdminTags" name="test_list_tags_shows_created" time="0.062" /><testcase classname="backend.tests.test_admin_management.TestAdminTags" name="test_delete_unused_tag" time="0.113" /><testcase classname="backend.tests.test_admin_management.TestAdminTags" name="test_delete_nonexistent_tag" time="0.052" /><testcase classname="backend.tests.test_admin_management.TestAdminHomepage" name="test_get_homepage" time="0.054" /><testcase classname="backend.tests.test_admin_management.TestAdminHomepage" name="test_toggle_featured_on_off" time="0.270" /><testcase classname="backend.tests.test_admin_management.TestAdminHomepage" name="test_toggle_hot_on_off" time="0.157" /><testcase classname="backend.tests.test_admin_management.TestAdminHomepage" name="test_toggle_featured_nonexistent_article" time="0.052" /><testcase classname="backend.tests.test_admin_management.TestAdminHomepage" name="test_toggle_hot_nonexistent_article" time="0.053" /><testcase classname="backend.tests.test_admin_management.TestAdminRBAC" name="test_non_admin_users_list_403" time="0.615" /><testcase classname="backend.tests.test_admin_management.TestAdminRBAC" name="test_non_admin_user_detail_403" time="0.055" /><testcase classname="backend.tests.test_admin_management.TestAdminRBAC" name="test_non_admin_update_user_403" time="0.053" /><testcase classname="backend.tests.test_admin_management.TestAdminRBAC" name="test_non_admin_list_tags_403" time="0.050" /><testcase classname="backend.tests.test_admin_management.TestAdminRBAC" name="test_non_admin_create_tag_403" time="0.053" /><testcase classname="backend.tests.test_admin_management.TestAdminRBAC" name="test_non_admin_delete_tag_403" time="0.052" /><testcase classname="backend.tests.test_admin_management.TestAdminRBAC" name="test_non_admin_homepage_403" time="0.052" /><testcase classname="backend.tests.test_admin_management.TestAdminRBAC" name="test_non_admin_toggle_featured_403" time="0.051" /><testcase classname="backend.tests.test_admin_management.TestAdminRBAC" name="test_non_admin_toggle_hot_403" time="0.051" /><testcase classname="backend.tests.test_admin_management.TestAdminRBAC" name="test_unauthenticated_admin_endpoint" time="0.135" /><testcase classname="backend.tests.test_admin_management.TestSeededData" name="test_all_seeded_users_can_login" time="1.641" /><testcase classname="backend.tests.test_admin_management.TestSeededData" name="test_seeded_users_have_points" time="0.069" /><testcase classname="backend.tests.test_admin_management.TestSeededData" name="test_weekly_leaderboard_has_multiple_users" time="0.191" /><testcase classname="backend.tests.test_admin_management.TestSeededData" name="test_points_history_for_seeded_user" time="0.056" /></testsuite></testsuites>