<?xml version="1.0" encoding="utf-8"?><testsuites name="pytest tests"><testsuite name="pytest" errors="0" failures="3" skipped="0" tests="50" time="19.094" timestamp="2026-05-30T07:39:13.013735+00:00" hostname="agent-env-108b0af0-7b1e-4d14-87b1-5c7c706530b9"><testcase classname="backend.tests.backend_test.TestAuth" name="test_admin_login" time="0.818" /><testcase classname="backend.tests.backend_test.TestAuth" name="test_register_new_user" time="0.739" /><testcase classname="backend.tests.backend_test.TestAuth" name="test_login_with_new_user" time="0.618" /><testcase classname="backend.tests.backend_test.TestAuth" name="test_login_invalid_credentials" time="0.195" /><testcase classname="backend.tests.backend_test.TestAuth" name="test_register_duplicate_email" time="0.246" /><testcase classname="backend.tests.backend_test.TestAuth" name="test_get_me_authenticated" time="0.190" /><testcase classname="backend.tests.backend_test.TestAuth" name="test_get_me_unauthenticated" time="0.209" /><testcase classname="backend.tests.backend_test.TestAuth" name="test_logout" time="0.196" /><testcase classname="backend.tests.backend_test.TestAuth" name="test_daily_login_points" time="0.845" /><testcase classname="backend.tests.backend_test.TestCategoriesTags" name="test_get_categories" time="0.180" /><testcase classname="backend.tests.backend_test.TestCategoriesTags" name="test_get_tags" time="0.236" /><testcase classname="backend.tests.backend_test.TestArticlesPublic" name="test_list_articles" time="0.336" /><testcase classname="backend.tests.backend_test.TestArticlesPublic" name="test_list_articles_sort_popular" time="0.254" /><testcase classname="backend.tests.backend_test.TestArticlesPublic" name="test_list_articles_sort_trending" time="0.290" /><testcase classname="backend.tests.backend_test.TestArticlesPublic" name="test_list_articles_filter_category" time="0.235" /><testcase classname="backend.tests.backend_test.TestArticlesPublic" name="test_list_articles_search" time="0.254" /><testcase classname="backend.tests.backend_test.TestArticlesPublic" name="test_article_detail_and_related" time="0.312" /><testcase classname="backend.tests.backend_test.TestArticlesPublic" name="test_article_detail_not_found" time="0.245" /><testcase classname="backend.tests.backend_test.TestArticlesPublic" name="test_read_complete_awards_points" time="0.240" /><testcase classname="backend.tests.backend_test.TestArticlesPublic" name="test_read_complete_idempotent" time="0.204" /><testcase classname="backend.tests.backend_test.TestBookmarks" name="test_create_bookmark_first_time" time="0.295" /><testcase classname="backend.tests.backend_test.TestBookmarks" name="test_get_bookmarks" time="0.349" /><testcase classname="backend.tests.backend_test.TestBookmarks" name="test_delete_bookmark" time="0.322" /><testcase classname="backend.tests.backend_test.TestBookmarks" name="test_rebookmark_no_additional_points" time="0.285" /><testcase classname="backend.tests.backend_test.TestArticleSubmitFlow" name="test_submit_article_pending" time="0.433" /><testcase classname="backend.tests.backend_test.TestArticleSubmitFlow" name="test_my_articles_list" time="0.271" /><testcase classname="backend.tests.backend_test.TestArticleSubmitFlow" name="test_cannot_edit_pending_review" time="0.267" /><testcase classname="backend.tests.backend_test.TestArticleSubmitFlow" name="test_create_draft_then_edit" time="0.724"><failure message="assert 400 == 200&#10; +  where 400 = &lt;Response [400]&gt;.status_code">backend/tests/backend_test.py:271: in test_create_draft_then_edit
    assert r2.status_code == 200
E   assert 400 == 200
E    +  where 400 = &lt;Response [400]&gt;.status_code</failure></testcase><testcase classname="backend.tests.backend_test.TestArticleSubmitFlow" name="test_delete_draft" time="0.331"><failure message="assert 400 == 200&#10; +  where 400 = &lt;Response [400]&gt;.status_code">backend/tests/backend_test.py:276: in test_delete_draft
    assert r.status_code == 200
E   assert 400 == 200
E    +  where 400 = &lt;Response [400]&gt;.status_code</failure></testcase><testcase classname="backend.tests.backend_test.TestAdminReview" name="test_non_admin_cannot_access_admin" time="0.346" /><testcase classname="backend.tests.backend_test.TestAdminReview" name="test_unauth_cannot_access_admin" time="0.271" /><testcase classname="backend.tests.backend_test.TestAdminReview" name="test_admin_get_pending_articles" time="0.292" /><testcase classname="backend.tests.backend_test.TestAdminReview" name="test_admin_approve_article" time="0.687" /><testcase classname="backend.tests.backend_test.TestAdminReview" name="test_admin_reject_flow" time="0.793"><failure message="assert 400 == 200&#10; +  where 400 = &lt;Response [400]&gt;.status_code">backend/tests/backend_test.py:323: in test_admin_reject_flow
    assert r2.status_code == 200
E   assert 400 == 200
E    +  where 400 = &lt;Response [400]&gt;.status_code</failure></testcase><testcase classname="backend.tests.backend_test.TestQuizzes" name="test_list_quizzes" time="0.254" /><testcase classname="backend.tests.backend_test.TestQuizzes" name="test_get_quiz_detail" time="0.353" /><testcase classname="backend.tests.backend_test.TestQuizzes" name="test_attempt_quiz" time="0.500" /><testcase classname="backend.tests.backend_test.TestQuizzes" name="test_quiz_single_attempt_only" time="0.276" /><testcase classname="backend.tests.backend_test.TestPolls" name="test_list_polls" time="0.312" /><testcase classname="backend.tests.backend_test.TestPolls" name="test_get_poll_detail" time="0.307" /><testcase classname="backend.tests.backend_test.TestPolls" name="test_vote_poll" time="0.340" /><testcase classname="backend.tests.backend_test.TestPolls" name="test_vote_once_per_poll" time="0.316" /><testcase classname="backend.tests.backend_test.TestPointsLeaderboard" name="test_my_points" time="0.300" /><testcase classname="backend.tests.backend_test.TestPointsLeaderboard" name="test_weekly_leaderboard" time="0.243" /><testcase classname="backend.tests.backend_test.TestAdminCRUD" name="test_admin_stats" time="0.274" /><testcase classname="backend.tests.backend_test.TestAdminCRUD" name="test_admin_create_category" time="0.278" /><testcase classname="backend.tests.backend_test.TestAdminCRUD" name="test_admin_create_quiz" time="0.230" /><testcase classname="backend.tests.backend_test.TestAdminCRUD" name="test_admin_create_poll" time="0.241" /><testcase classname="backend.tests.backend_test.TestUpload" name="test_upload_and_download" time="1.033" /><testcase classname="backend.tests.backend_test.TestUpload" name="test_upload_unauth" time="0.335" /></testsuite></testsuites>